Checking Robot Root Certificate
~/GUI ~ /
Adding 'reference:' to bundle uri : file:/ursim/GUI/bundle/aopalliance-1.0.jar
Adding 'reference:' to bundle uri : fiMay 10, 2023 2:17:54 PM com.steadystate.css.parser.CSSOMParser <init>
WARNING: java.lang.ClassNotFoundException: com.steadystate.css.parser.SACParserCSS21 not found by org.w3c.css.sac [174]
May 10, 2023 2:17:54 PM com.steadystate.css.parser.CSSOMParser <init>
WARNING: using the default 'SACParserCSS21' instead
e uri : file:/ursim/GUI/bundle/boot-g5-74.11.1642.jar
Adding 'reference:' to bundle uri : file:/ursim/GUI/bundle/cglib-nodep-2.2.jar
Adding 'reference:' to bundle uri : file:/ursim/GUI/bundle/commons-beanutils-1.8.3.jar
Adding 'reference:' to bundle uri : file:/ursim/GUI/bundle/commons-codec-1.9.jar
Adding 'reference:' to bundle uri : file:/ursim/GUI/bundle/commons-collections-3.2.1.jar
Adding 'reference:' to bundle uri : file:/ursim/GUI/bundle/commons-httpclient-3.1.0.0.jar
Adding 'reference:' to bundle uri : file:/ursim/GUI/bundle/commons-io-2.4.jar
Adding 'reference:' to bundle uri : file:/ursim/GUI/bundle/commons-lang-2.6.jar
Adding 'reference:' to bundle uri : file:/ursim/GUI/bundle/commons-lang3-3.3.2.jar
Adding 'reference:' to bundle uri : file:/ursim/GUI/bundle/commons-logging-1.2.jar
Adding 'reference:' to bundle uri : file:/ursim/GUI/bundle/commons-math3-3.3.jar
Adding 'reference:' to bundle uri : file:/ursim/GUI/bundle/constants-19.8.1.jar
Adding 'reference:' to bundle uri : file:/ursim/GUI/bundle/conveyortracking-1.8.12.jar
Adding 'reference:' to bundle uri : file:/ursim/GUI/bundle/core-2.3.0.jar
Adding 'reference:' to bundle uri : file:/ursim/GUI/bundle/cssparser-0.9.14.jar
Adding 'reference:' to bundle uri : file:/ursim/GUI/bundle/ethernetip-1.6.6.jar
Adding 'reference:' to bundle uri : file:/ursim/GUI/bundle/failureaccess-1.0.1.jar
Adding 'reference:' to bundle uri : file:/ursim/GUI/bundle/featureset-1.1.4.jar
Adding 'reference:' to bundle uri : file:/ursim/GUI/bundle/filters-2.0.235.jar
Adding 'reference:' to bundle uri : file:/ursim/GUI/bundle/freehep-java3d-2.1.jar
Adding 'reference:' to bundle uri : file:/ursim/GUI/bundle/geom-feature-urcap-api-export-1.14.31.jar
Adding 'reference:' to bundle uri : file:/ursim/GUI/bundle/gripper-urcap-api-export-1.8.57.jar
Adding 'reference:' to bundle uri : file:/ursim/GUI/bundle/gson-2.8.5.jar
Adding 'reference:' to bundle uri : file:/ursim/GUI/bundle/guava-19.0.jar
Adding 'reference:' to bundle uri : file:/ursim/GUI/bundle/guice-4.1.0.jar
Adding 'reference:' to bundle uri : file:/ursim/GUI/bundle/guice-multibindings-4.1.0.jar
Adding 'reference:' to bundle uri : file:/ursim/GUI/bundle/httpclient-osgi-4.5.13.jar
Adding 'reference:' to bundle uri : file:/ursim/GUI/bundle/httpcore-osgi-4.4.15.jar
Adding 'reference:' to bundle uri : file:/ursim/GUI/bundle/j3d-core-1.5.2-modified.jar
Adding 'reference:' to bundle uri : file:/ursim/GUI/bundle/j3d-core-utils-1.5.2-modified.jar
Adding 'reference:' to bundle uri : file:/ursim/GUI/bundle/jackson-annotations-2.13.1.jar
Adding 'reference:' to bundle uri : file:/ursim/GUI/bundle/jackson-core-2.13.1.jar
Adding 'reference:' to bundle uri : file:/ursim/GUI/bundle/jackson-databind-2.13.1.jar
Adding 'reference:' to bundle uri : file:/ursim/GUI/bundle/javahelp-2.0.05.jar
Adding 'reference:' to bundle uri : file:/ursim/GUI/bundle/javax.inject-1.jar
Adding 'reference:' to bundle uri : file:/ursim/GUI/bundle/jemmy-3.2.1.jar
Adding 'reference:' to bundle uri : file:/ursim/GUI/bundle/jgoodies-common-1.7.0.jar
Adding 'reference:' to bundle uri : file:/ursim/GUI/bundle/jgoodies-forms-1.7.2.jar
Adding 'reference:' to bundle uri : file:/ursim/GUI/bundle/json-20180813.jar
Adding 'reference:' to bundle uri : file:/ursim/GUI/bundle/jsoup-1.7.3.jar
Adding 'reference:' to bundle uri : file:/ursim/GUI/bundle/jsr305-3.0.1.jar
Adding 'reference:' to bundle uri : file:/ursim/GUI/bundle/log4j-api-2.17.1.jar
Adding 'reference:' to bundle uri : file:/ursim/GUI/bundle/log4j-core-2.17.1.jar
Adding 'reference:' to bundle uri : file:/ursim/GUI/bundle/org.apache.felix.fileinstall-3.5.0-modified-2.jar
Adding 'reference:' to bundle uri : file:/ursim/GUI/bundle/org.apache.felix.shell-1.4.3.jar
Adding 'reference:' to bundle uri : file:/ursim/GUI/bundle/org.apache.felix.shell.remote-1.2.0.jar
Adding 'reference:' to bundle uri : file:/ursim/GUI/bundle/org.apache.servicemix.bundles.aspectj-1.9.9_1.jar
Adding 'reference:' to bundle uri : file:/ursim/GUI/bundle/org.osgi.core-4.1.0.jar
Adding 'reference:' to bundle uri : file:/ursim/GUI/bundle/org.osgi.service.cm-1.5.0.jar
Adding 'reference:' to bundle uri : file:/ursim/GUI/bundle/osgi.core-6.0.0.jar
Adding 'reference:' to bundle uri : file:/ursim/GUI/bundle/polyscope-application-api-1.17.23.jar
Adding 'reference:' to bundle uri : file:/ursim/GUI/bundle/polyscope-application-driver-1.0.50.jar
Adding 'reference:' to bundle uri : file:/ursim/GUI/bundle/polyscope-concept-operations-api-7.10.20.jar
Adding 'reference:' to bundle uri : file:/ursim/GUI/bundle/polyscope-concept-operations-driver-7.10.20.jar
Adding 'reference:' to bundle uri : file:/ursim/GUI/bundle/polyscope-concept-operations-impl-7.10.20.jar
Adding 'reference:' to bundle uri : file:/ursim/GUI/bundle/polyscope-controllerinterface-api-4.11.29.jar
Adding 'reference:' to bundle uri : file:/ursim/GUI/bundle/polyscope-controllerinterface-impl-4.11.29.jar
Adding 'reference:' to bundle uri : file:/ursim/GUI/bundle/polyscope-core-api-1.2.88.jar
Adding 'reference:' to bundle uri : file:/ursim/GUI/bundle/polyscope-dashboard-server-api-1.16.18.jar
Adding 'reference:' to bundle uri : file:/ursim/GUI/bundle/polyscope-dashboard-server-impl-1.16.18.jar
Adding 'reference:' to bundle uri : file:/ursim/GUI/bundle/polyscope-driver-api-3.17.15.jar
Adding 'reference:' to bundle uri : file:/ursim/GUI/bundle/polyscope-file-manager-api-5.10.29.jar
Adding 'reference:' to bundle uri : file:/ursim/GUI/bundle/polyscope-file-manager-driver-5.10.29.jar
Adding 'reference:' to bundle uri : file:/ursim/GUI/bundle/polyscope-file-manager-impl-5.10.29.jar
Adding 'reference:' to bundle uri : file:/ursim/GUI/bundle/polyscope-flight-recorder-api-1.2.88.jar
Adding 'reference:' to bundle uri : file:/ursim/GUI/bundle/polyscope-flight-recorder-impl-1.2.88.jar
Adding 'reference:' to bundle uri : file:/ursim/GUI/bundle/polyscope-freedrive-api-1.7.37.jar
Adding 'reference:' to bundle uri : file:/ursim/GUI/bundle/polyscope-freedrive-driver-1.7.37.jar
Adding 'reference:' to bundle uri : file:/ursim/GUI/bundle/polyscope-freedrive-impl-1.7.37.jar
Adding 'reference:' to bundle uri : file:/ursim/GUI/bundle/polyscope-geom-feature-api-1.14.31.jar
Adding 'reference:' to bundle uri : file:/ursim/GUI/bundle/polyscope-geom-feature-driver-1.14.31.jar
Adding 'reference:' to bundle uri : file:/ursim/GUI/bundle/polyscope-geom-feature-impl-1.14.31.jar
Adding 'reference:' to bundle uri : file:/ursim/GUI/bundle/polyscope-gripper-driver-1.8.57.jar
Adding 'reference:' to bundle uri : file:/ursim/GUI/bundle/polyscope-gripper-impl-1.8.57.jar
Adding 'reference:' to bundle uri : file:/ursim/GUI/bundle/polyscope-initializerobot-api-4.10.16.jar
Adding 'reference:' to bundle uri : file:/ursim/GUI/bundle/polyscope-initializerobot-driver-4.10.16.jar
Adding 'reference:' to bundle uri : file:/ursim/GUI/bundle/polyscope-initializerobot-impl-4.10.16.jar
Adding 'reference:' to bundle uri : file:/ursim/GUI/bundle/polyscope-installation-api-6.10.35.jar
Adding 'reference:' to bundle uri : file:/ursim/GUI/bundle/polyscope-installation-driver-6.10.35.jar
Adding 'reference:' to bundle uri : file:/ursim/GUI/bundle/polyscope-installation-impl-6.10.35.jar
Adding 'reference:' to bundle uri : file:/ursim/GUI/bundle/polyscope-installation-urcap-api-6.10.35.jar
Adding 'reference:' to bundle uri : file:/ursim/GUI/bundle/polyscope-internal-calibration-10.14.402.jar
Adding 'reference:' to bundle uri : file:/ursim/GUI/bundle/polyscope-internal-defaultprogram-10.14.402.jar
Adding 'reference:' to bundle uri : file:/ursim/GUI/bundle/polyscope-internal-driver-g5-10.14.402.jar
Adding 'reference:' to bundle uri : file:/ursim/GUI/bundle/polyscope-internal-g5-10.14.402.jar
Adding 'reference:' to bundle uri : file:/ursim/GUI/bundle/polyscope-internal-immi-10.14.402.jar
Adding 'reference:' to bundle uri : file:/ursim/GUI/bundle/polyscope-internal-initializerobot-10.14.402.jar
Adding 'reference:' to bundle uri : file:/ursim/GUI/bundle/polyscope-internal-installation-10.14.402.jar
Adding 'reference:' to bundle uri : file:/ursim/GUI/bundle/polyscope-internal-io-10.14.402.jar
Adding 'reference:' to bundle uri : file:/ursim/GUI/bundle/polyscope-internal-move-10.14.402.jar
Adding 'reference:' to bundle uri : file:/ursim/GUI/bundle/polyscope-internal-pallet-10.14.402.jar
Adding 'reference:' to bundle uri : file:/ursim/GUI/bundle/polyscope-internal-pin-10.14.402.jar
Adding 'reference:' to bundle uri : file:/ursim/GUI/bundle/polyscope-internal-program-10.14.402.jar
Adding 'reference:' to bundle uri : file:/ursim/GUI/bundle/polyscope-internal-remotecontrol-10.14.402.jar
Adding 'reference:' to bundle uri : file:/ursim/GUI/bundle/polyscope-internal-safety-10.14.402.jar
Adding 'reference:' to bundle uri : file:/ursim/GUI/bundle/polyscope-internal-tcp-10.14.402.jar
Adding 'reference:' to bundle uri : file:/ursim/GUI/bundle/polyscope-internal-urcap-10.14.402.jar
Adding 'reference:' to bundle uri : file:/ursim/GUI/bundle/polyscope-internal-view-10.14.402.jar
Adding 'reference:' to bundle uri : file:/ursim/GUI/bundle/polyscope-internal-viewfacade-10.14.402.jar
Adding 'reference:' to bundle uri : file:/ursim/GUI/bundle/polyscope-io-api-1.0.50.jar
Adding 'reference:' to bundle uri : file:/ursim/GUI/bundle/polyscope-io-impl-1.0.50.jar
Adding 'reference:' to bundle uri : file:/ursim/GUI/bundle/polyscope-java-logger-api-1.2.88.jar
Adding 'reference:' to bundle uri : file:/ursim/GUI/bundle/polyscope-java-logger-impl-1.2.88.jar
Adding 'reference:' to bundle uri : file:/ursim/GUI/bundle/polyscope-lang-1.2.88.jar
Adding 'reference:' to bundle uri : file:/ursim/GUI/bundle/polyscope-license-api-2.10.34.jar
Adding 'reference:' to bundle uri : file:/ursim/GUI/bundle/polyscope-license-driver-2.10.34.jar
Adding 'reference:' to bundle uri : file:/ursim/GUI/bundle/polyscope-license-impl-2.10.34.jar
Adding 'reference:' to bundle uri : file:/ursim/GUI/bundle/polyscope-logging-api-7.10.32.jar
Adding 'reference:' to bundle uri : file:/ursim/GUI/bundle/polyscope-logging-driver-7.10.32.jar
Adding 'reference:' to bundle uri : file:/ursim/GUI/bundle/polyscope-logging-impl-7.10.32.jar
Adding 'reference:' to bundle uri : file:/ursim/GUI/bundle/polyscope-monitor-1.2.88.jar
Adding 'reference:' to bundle uri : file:/ursim/GUI/bundle/polyscope-move-api-1.12.17.jar
Adding 'reference:' to bundle uri : file:/ursim/GUI/bundle/polyscope-move-driver-1.12.17.jar
Adding 'reference:' to bundle uri : file:/ursim/GUI/bundle/polyscope-move-impl-1.12.17.jar
Adding 'reference:' to bundle uri : file:/ursim/GUI/bundle/polyscope-pallet-api-1.5.47.jar
Adding 'reference:' to bundle uri : file:/ursim/GUI/bundle/polyscope-pallet-common-1.5.47.jar
Adding 'reference:' to bundle uri : file:/ursim/GUI/bundle/polyscope-pallet-impl-1.5.47.jar
Adding 'reference:' to bundle uri : file:/ursim/GUI/bundle/polyscope-payload-api-1.5.52.jar
Adding 'reference:' to bundle uri : file:/ursim/GUI/bundle/polyscope-payload-driver-1.5.52.jar
Adding 'reference:' to bundle uri : file:/ursim/GUI/bundle/polyscope-payload-impl-1.5.52.jar
Adding 'reference:' to bundle uri : file:/ursim/GUI/bundle/polyscope-payload-urcap-api-1.5.52.jar
Adding 'reference:' to bundle uri : file:/ursim/GUI/bundle/polyscope-persistence-api-1.13.17.jar
Adding 'reference:' to bundle uri : file:/ursim/GUI/bundle/polyscope-persistence-impl-1.13.17.jar
Adding 'reference:' to bundle uri : file:/ursim/GUI/bundle/polyscope-platform-api-1.2.88.jar
Adding 'reference:' to bundle uri : file:/ursim/GUI/bundle/polyscope-profinet-api-1.5.24.jar
Adding 'reference:' to bundle uri : file:/ursim/GUI/bundle/polyscope-profinet-impl-1.5.24.jar
Adding 'reference:' to bundle uri : file:/ursim/GUI/bundle/polyscope-program-api-1.0.50.jar
Adding 'reference:' to bundle uri : file:/ursim/GUI/bundle/polyscope-program-impl-1.0.50.jar
Adding 'reference:' to bundle uri : file:/ursim/GUI/bundle/polyscope-program-metrics-impl-3.10.16.jar
Adding 'reference:' to bundle uri : file:/ursim/GUI/bundle/polyscope-robot-configuration-api-1.2.88.jar
Adding 'reference:' to bundle uri : file:/ursim/GUI/bundle/polyscope-robot-configuration-impl-1.2.88.jar
Adding 'reference:' to bundle uri : file:/ursim/GUI/bundle/polyscope-safety-api-1.7.17.jar
Adding 'reference:' to bundle uri : file:/ursim/GUI/bundle/polyscope-safety-driver-1.7.17.jar
Adding 'reference:' to bundle uri : file:/ursim/GUI/bundle/polyscope-safety-impl-1.7.17.jar
Adding 'reference:' to bundle uri : file:/ursim/GUI/bundle/polyscope-screenshot-builder-api-2.12.22.jar
Adding 'reference:' to bundle uri : file:/ursim/GUI/bundle/polyscope-screwdriving-driver-3.8.35.jar
Adding 'reference:' to bundle uri : file:/ursim/GUI/bundle/polyscope-screwdriving-impl-3.8.35.jar
Adding 'reference:' to bundle uri : file:/ursim/GUI/bundle/polyscope-scriptwriter-1.2.88.jar
Adding 'reference:' to bundle uri : file:/ursim/GUI/bundle/polyscope-security-api-7.10.39.jar
Adding 'reference:' to bundle uri : file:/ursim/GUI/bundle/polyscope-security-driver-7.10.39.jar
Adding 'reference:' to bundle uri : file:/ursim/GUI/bundle/polyscope-security-impl-7.10.39.jar
Adding 'reference:' to bundle uri : file:/ursim/GUI/bundle/polyscope-settings-api-1.0.50.jar
Adding 'reference:' to bundle uri : file:/ursim/GUI/bundle/polyscope-settings-impl-1.0.50.jar
Adding 'reference:' to bundle uri : file:/ursim/GUI/bundle/polyscope-simulation-api-1.0.50.jar
Adding 'reference:' to bundle uri : file:/ursim/GUI/bundle/polyscope-simulation-impl-1.0.50.jar
Adding 'reference:' to bundle uri : file:/ursim/GUI/bundle/polyscope-swing-5.28.26.jar
Adding 'reference:' to bundle uri : file:/ursim/GUI/bundle/polyscope-system-api-6.9.43.jar
Adding 'reference:' to bundle uri : file:/ursim/GUI/bundle/polyscope-system-diagnostics-impl-6.9.43.jar
Adding 'reference:' to bundle uri : file:/ursim/GUI/bundle/polyscope-system-driver-6.9.43.jar
Adding 'reference:' to bundle uri : file:/ursim/GUI/bundle/polyscope-system-impl-6.9.43.jar
Adding 'reference:' to bundle uri : file:/ursim/GUI/bundle/polyscope-tcp-api-1.11.25.jar
Adding 'reference:' to bundle uri : file:/ursim/GUI/bundle/polyscope-tcp-driver-1.11.25.jar
Adding 'reference:' to bundle uri : file:/ursim/GUI/bundle/polyscope-tcp-impl-1.11.25.jar
Adding 'reference:' to bundle uri : file:/ursim/GUI/bundle/polyscope-tcp-urcap-api-1.11.25.jar
Adding 'reference:' to bundle uri : file:/ursim/GUI/bundle/polyscope-toolbar-impl-7.9.18.jar
Adding 'reference:' to bundle uri : file:/ursim/GUI/bundle/polyscope-urcap-api-13.10.85.jar
Adding 'reference:' to bundle uri : file:/ursim/GUI/bundle/polyscope-urcap-driver-13.10.85.jar
Adding 'reference:' to bundle uri : file:/ursim/GUI/bundle/polyscope-urcap-impl-13.10.85.jar
Adding 'reference:' to bundle uri : file:/ursim/GUI/bundle/polyscope-urcap-urcap-api-13.10.85.jar
Adding 'reference:' to bundle uri : file:/ursim/GUI/bundle/polyscope-value-objects-api-1.17.23.jar
Adding 'reference:' to bundle uri : file:/ursim/GUI/bundle/polyscope-value-objects-impl-1.17.23.jar
Adding 'reference:' to bundle uri : file:/ursim/GUI/bundle/polyscope-value-objects-urcap-api-1.17.23.jar
Adding 'reference:' to bundle uri : file:/ursim/GUI/bundle/polyscope-version-api-1.2.88.jar
Adding 'reference:' to bundle uri : file:/ursim/GUI/bundle/polyscope-version-impl-1.2.88.jar
Adding 'reference:' to bundle uri : file:/ursim/GUI/bundle/polyscope-visualizer-api-1.0.50.jar
Adding 'reference:' to bundle uri : file:/ursim/GUI/bundle/polyscope-visualizer-impl-1.0.50.jar
Adding 'reference:' to bundle uri : file:/ursim/GUI/bundle/reactive-streams-1.0.0.jar
Adding 'reference:' to bundle uri : file:/ursim/GUI/bundle/rxjava-2.1.0.jar
Adding 'reference:' to bundle uri : file:/ursim/GUI/bundle/sac-1.3.jar
Adding 'reference:' to bundle uri : file:/ursim/GUI/bundle/screwdriving-urcap-api-export-3.8.35.jar
Adding 'reference:' to bundle uri : file:/ursim/GUI/bundle/snakeyaml-1.30.jar
Adding 'reference:' to bundle uri : file:/ursim/GUI/bundle/swing-layout-1.0.3.jar
Adding 'reference:' to bundle uri : file:/ursim/GUI/bundle/swing-worker-1.1.jar
Adding 'reference:' to bundle uri : file:/ursim/GUI/bundle/swingx-1.6.1.jar
Adding 'reference:' to bundle uri : file:/ursim/GUI/bundle/urcap-api-export-7.9.18.jar
Adding 'reference:' to bundle uri : file:/ursim/GUI/bundle/urcap-api-export-robotmovement-13.10.85.jar
Adding 'reference:' to bundle uri : file:/ursim/GUI/bundle/urscript2pojo-1.6.0.jar
Adding 'reference:' to bundle uri : file:/ursim/GUI/bundle/validation-api-1.1.0.Final.jar
Adding 'reference:' to bundle uri : file:/ursim/GUI/bundle/vecmath-1.5.2-modified.jar
Adding 'reference:' to bundle uri : file:/ursim/GUI/bundle/ws-commons-util-1.0.2.0.jar
Adding 'reference:' to bundle uri : file:/ursim/GUI/bundle/xmlrpc-client-3.1.3.0.jar
Adding 'reference:' to bundle uri : file:/ursim/GUI/bundle/xmlrpc-common-3.1.3.0.jar
Adding 'reference:' to bundle uri : file:/ursim/GUI/bundle/xpp3_min-1.1.4c.jar
Adding 'reference:' to bundle uri : file:/ursim/GUI/bundle/xstream-1.3.1.jar
Identifying Split Packages
Split package detected!
  com.ur.urcap.api.domain.value; version=1.9.0
  com.ur.polyscope.valueobjects.polyscope-value-objects-urcap-api [167] com.ur.polyscope.valueobjects.polyscope-value-objects-urcap-api
  com.ur.polyscope.urcaps.polyscope-urcap-urcap-api [164] com.ur.polyscope.urcaps.polyscope-urcap-urcap-api
[33m2023-05-10 14:17:54.783 WARN [m - Method used before correct value has been received from controller, returning default = joint_max_speed [33m{thread: Thread-5 , loggerClass: com.ur.polyscope.robot.configuration.joint.JointConfigurationSettings}[m
[33m2023-05-10 14:17:54.785 WARN [m - Ignoring any future reports of error [33m{thread: Thread-5 , loggerClass: com.ur.polyscope.robot.configuration.joint.JointConfigurationSettings}[m
2023-05-10 14:17:54.783 WARN  - Method used before correct value has been received from controller, returning default = joint_max_speed {thread: Thread-5 , loggerClass: com.ur.polyscope.robot.configuration.joint.JointConfigurationSettings}
2023-05-10 14:17:54.785 WARN  - Ignoring any future reports of error {thread: Thread-5 , loggerClass: com.ur.polyscope.robot.configuration.joint.JointConfigurationSettings}
